[     103ms] [INFO] %cDownload the React DevTools for a better development experience: https://reactjs.org/link/react-devtools font-weight:bold @ http://localhost:5175/node_modules/.vite/deps/chunk-WERSD76P.js?v=4fd79fea:21550
[     127ms] [WARNING] ⚠️ React Router Future Flag Warning: React Router will begin wrapping state updates in `React.startTransition` in v7. You can use the `v7_startTransition` future flag to opt-in early. For more information, see https://reactrouter.com/v6/upgrading/future#v7_starttransition. @ http://localhost:5175/node_modules/.vite/deps/react-router-dom.js?v=4fd79fea:4435
[     127ms] [WARNING] ⚠️ React Router Future Flag Warning: Relative route resolution within Splat routes is changing in v7. You can use the `v7_relativeSplatPath` future flag to opt-in early. For more information, see https://reactrouter.com/v6/upgrading/future#v7_relativesplatpath. @ http://localhost:5175/node_modules/.vite/deps/react-router-dom.js?v=4fd79fea:4435
[ 6707835ms] ReferenceError: LineagePipeline is not defined
    at Field360Page (http://localhost:5175/src/features/fields/Field360Page.tsx?t=1779107684106:246:11)
    at renderWithHooks (http://localhost:5175/node_modules/.vite/deps/chunk-WERSD76P.js?v=4fd79fea:11548:26)
    at updateFunctionComponent (http://localhost:5175/node_modules/.vite/deps/chunk-WERSD76P.js?v=4fd79fea:14582:28)
    at beginWork (http://localhost:5175/node_modules/.vite/deps/chunk-WERSD76P.js?v=4fd79fea:15924:22)
    at HTMLUnknownElement.callCallback2 (http://localhost:5175/node_modules/.vite/deps/chunk-WERSD76P.js?v=4fd79fea:3674:22)
    at Object.invokeGuardedCallbackDev (http://localhost:5175/node_modules/.vite/deps/chunk-WERSD76P.js?v=4fd79fea:3699:24)
    at invokeGuardedCallback (http://localhost:5175/node_modules/.vite/deps/chunk-WERSD76P.js?v=4fd79fea:3733:39)
    at beginWork$1 (http://localhost:5175/node_modules/.vite/deps/chunk-WERSD76P.js?v=4fd79fea:19765:15)
    at performUnitOfWork (http://localhost:5175/node_modules/.vite/deps/chunk-WERSD76P.js?v=4fd79fea:19198:20)
    at workLoopSync (http://localhost:5175/node_modules/.vite/deps/chunk-WERSD76P.js?v=4fd79fea:19137:13)
[ 6707836ms] ReferenceError: LineagePipeline is not defined
    at Field360Page (http://localhost:5175/src/features/fields/Field360Page.tsx?t=1779107684106:246:11)
    at renderWithHooks (http://localhost:5175/node_modules/.vite/deps/chunk-WERSD76P.js?v=4fd79fea:11548:26)
    at updateFunctionComponent (http://localhost:5175/node_modules/.vite/deps/chunk-WERSD76P.js?v=4fd79fea:14582:28)
    at beginWork (http://localhost:5175/node_modules/.vite/deps/chunk-WERSD76P.js?v=4fd79fea:15924:22)
    at HTMLUnknownElement.callCallback2 (http://localhost:5175/node_modules/.vite/deps/chunk-WERSD76P.js?v=4fd79fea:3674:22)
    at Object.invokeGuardedCallbackDev (http://localhost:5175/node_modules/.vite/deps/chunk-WERSD76P.js?v=4fd79fea:3699:24)
    at invokeGuardedCallback (http://localhost:5175/node_modules/.vite/deps/chunk-WERSD76P.js?v=4fd79fea:3733:39)
    at beginWork$1 (http://localhost:5175/node_modules/.vite/deps/chunk-WERSD76P.js?v=4fd79fea:19765:15)
    at performUnitOfWork (http://localhost:5175/node_modules/.vite/deps/chunk-WERSD76P.js?v=4fd79fea:19198:20)
    at workLoopSync (http://localhost:5175/node_modules/.vite/deps/chunk-WERSD76P.js?v=4fd79fea:19137:13)
[ 6707839ms] [ERROR] The above error occurred in the <Field360Page> component:

    at Field360Page (http://localhost:5175/src/features/fields/Field360Page.tsx?t=1779107684106:29:20)
    at RenderedRoute (http://localhost:5175/node_modules/.vite/deps/react-router-dom.js?v=4fd79fea:4131:5)
    at Routes (http://localhost:5175/node_modules/.vite/deps/react-router-dom.js?v=4fd79fea:4601:5)
    at main
    at div
    at div
    at AppLayout (http://localhost:5175/src/components/layout/AppLayout.tsx?t=1779100948817:19:29)
    at Router (http://localhost:5175/node_modules/.vite/deps/react-router-dom.js?v=4fd79fea:4544:15)
    at BrowserRouter (http://localhost:5175/node_modules/.vite/deps/react-router-dom.js?v=4fd79fea:5290:5)
    at QueryClientProvider (http://localhost:5175/node_modules/.vite/deps/@tanstack_react-query.js?v=4fd79fea:3235:3)
    at App

Consider adding an error boundary to your tree to customize error handling behavior.
Visit https://reactjs.org/link/error-boundaries to learn more about error boundaries. @ http://localhost:5175/node_modules/.vite/deps/chunk-WERSD76P.js?v=4fd79fea:14031
[ 6707841ms] ReferenceError: LineagePipeline is not defined
    at Field360Page (http://localhost:5175/src/features/fields/Field360Page.tsx?t=1779107684106:246:11)
    at renderWithHooks (http://localhost:5175/node_modules/.vite/deps/chunk-WERSD76P.js?v=4fd79fea:11548:26)
    at updateFunctionComponent (http://localhost:5175/node_modules/.vite/deps/chunk-WERSD76P.js?v=4fd79fea:14582:28)
    at beginWork (http://localhost:5175/node_modules/.vite/deps/chunk-WERSD76P.js?v=4fd79fea:15924:22)
    at beginWork$1 (http://localhost:5175/node_modules/.vite/deps/chunk-WERSD76P.js?v=4fd79fea:19753:22)
    at performUnitOfWork (http://localhost:5175/node_modules/.vite/deps/chunk-WERSD76P.js?v=4fd79fea:19198:20)
    at workLoopSync (http://localhost:5175/node_modules/.vite/deps/chunk-WERSD76P.js?v=4fd79fea:19137:13)
    at renderRootSync (http://localhost:5175/node_modules/.vite/deps/chunk-WERSD76P.js?v=4fd79fea:19116:15)
    at recoverFromConcurrentError (http://localhost:5175/node_modules/.vite/deps/chunk-WERSD76P.js?v=4fd79fea:18736:28)
    at performSyncWorkOnRoot (http://localhost:5175/node_modules/.vite/deps/chunk-WERSD76P.js?v=4fd79fea:18879:28)
[48766284ms] [LOG] [vite] server connection lost. Polling for restart... @ http://localhost:5175/@vite/client:559
[48766484ms] [INFO] %cDownload the React DevTools for a better development experience: https://reactjs.org/link/react-devtools font-weight:bold @ http://localhost:5175/node_modules/.vite/deps/chunk-WERSD76P.js?v=4fd79fea:21550
[48766531ms] [WARNING] ⚠️ React Router Future Flag Warning: React Router will begin wrapping state updates in `React.startTransition` in v7. You can use the `v7_startTransition` future flag to opt-in early. For more information, see https://reactrouter.com/v6/upgrading/future#v7_starttransition. @ http://localhost:5175/node_modules/.vite/deps/react-router-dom.js?v=4fd79fea:4435
[48766531ms] [WARNING] ⚠️ React Router Future Flag Warning: Relative route resolution within Splat routes is changing in v7. You can use the `v7_relativeSplatPath` future flag to opt-in early. For more information, see https://reactrouter.com/v6/upgrading/future#v7_relativesplatpath. @ http://localhost:5175/node_modules/.vite/deps/react-router-dom.js?v=4fd79fea:4435
