[      63ms] [INFO] %cDownload the React DevTools for a better development experience: https://reactjs.org/link/react-devtools font-weight:bold @ http://localhost:5175/node_modules/.vite/deps/chunk-WERSD76P.js?v=4fd79fea:21550
[      74ms] [WARNING] ⚠️ React Router Future Flag Warning: React Router will begin wrapping state updates in `React.startTransition` in v7. You can use the `v7_startTransition` future flag to opt-in early. For more information, see https://reactrouter.com/v6/upgrading/future#v7_starttransition. @ http://localhost:5175/node_modules/.vite/deps/react-router-dom.js?v=4fd79fea:4435
[      75ms] [WARNING] ⚠️ React Router Future Flag Warning: Relative route resolution within Splat routes is changing in v7. You can use the `v7_relativeSplatPath` future flag to opt-in early. For more information, see https://reactrouter.com/v6/upgrading/future#v7_relativesplatpath. @ http://localhost:5175/node_modules/.vite/deps/react-router-dom.js?v=4fd79fea:4435
[   66340ms] [INFO] %cDownload the React DevTools for a better development experience: https://reactjs.org/link/react-devtools font-weight:bold @ http://localhost:5175/node_modules/.vite/deps/chunk-WERSD76P.js?v=4fd79fea:21550
[   66353ms] [WARNING] ⚠️ React Router Future Flag Warning: React Router will begin wrapping state updates in `React.startTransition` in v7. You can use the `v7_startTransition` future flag to opt-in early. For more information, see https://reactrouter.com/v6/upgrading/future#v7_starttransition. @ http://localhost:5175/node_modules/.vite/deps/react-router-dom.js?v=4fd79fea:4435
[   66353ms] [WARNING] ⚠️ React Router Future Flag Warning: Relative route resolution within Splat routes is changing in v7. You can use the `v7_relativeSplatPath` future flag to opt-in early. For more information, see https://reactrouter.com/v6/upgrading/future#v7_relativesplatpath. @ http://localhost:5175/node_modules/.vite/deps/react-router-dom.js?v=4fd79fea:4435
[   66988ms] [INFO] %cDownload the React DevTools for a better development experience: https://reactjs.org/link/react-devtools font-weight:bold @ http://localhost:5175/node_modules/.vite/deps/chunk-WERSD76P.js?v=4fd79fea:21550
[   67002ms] [WARNING] ⚠️ React Router Future Flag Warning: React Router will begin wrapping state updates in `React.startTransition` in v7. You can use the `v7_startTransition` future flag to opt-in early. For more information, see https://reactrouter.com/v6/upgrading/future#v7_starttransition. @ http://localhost:5175/node_modules/.vite/deps/react-router-dom.js?v=4fd79fea:4435
[   67002ms] [WARNING] ⚠️ React Router Future Flag Warning: Relative route resolution within Splat routes is changing in v7. You can use the `v7_relativeSplatPath` future flag to opt-in early. For more information, see https://reactrouter.com/v6/upgrading/future#v7_relativesplatpath. @ http://localhost:5175/node_modules/.vite/deps/react-router-dom.js?v=4fd79fea:4435
[   68209ms] [ERROR] Access to XMLHttpRequest at 'http://localhost:8001/api/fields?search=&page=1&pageSize=25' from origin 'http://localhost:5175' has been blocked by CORS policy: No 'Access-Control-Allow-Origin' header is present on the requested resource. @ http://localhost:5175/fields:0
[   68209ms] [ERROR] Failed to load resource: net::ERR_FAILED @ http://localhost:8001/api/fields?search=&page=1&pageSize=25:0
[   69220ms] [ERROR] Access to XMLHttpRequest at 'http://localhost:8001/api/fields?search=&page=1&pageSize=25' from origin 'http://localhost:5175' has been blocked by CORS policy: No 'Access-Control-Allow-Origin' header is present on the requested resource. @ http://localhost:5175/fields:0
[   69220ms] [ERROR] Failed to load resource: net::ERR_FAILED @ http://localhost:8001/api/fields?search=&page=1&pageSize=25:0
[   71051ms] [ERROR] Access to XMLHttpRequest at 'http://localhost:8001/api/fields?search=&page=1&pageSize=25' from origin 'http://localhost:5175' has been blocked by CORS policy: No 'Access-Control-Allow-Origin' header is present on the requested resource. @ http://localhost:5175/fields:0
[   71052ms] [ERROR] Failed to load resource: net::ERR_FAILED @ http://localhost:8001/api/fields?search=&page=1&pageSize=25:0
[   72059ms] [ERROR] Access to XMLHttpRequest at 'http://localhost:8001/api/fields?search=&page=1&pageSize=25' from origin 'http://localhost:5175' has been blocked by CORS policy: No 'Access-Control-Allow-Origin' header is present on the requested resource. @ http://localhost:5175/fields:0
[   72059ms] [ERROR] Failed to load resource: net::ERR_FAILED @ http://localhost:8001/api/fields?search=&page=1&pageSize=25:0
[   73273ms] [ERROR] Access to XMLHttpRequest at 'http://localhost:8001/api/fields/1' from origin 'http://localhost:5175' has been blocked by CORS policy: No 'Access-Control-Allow-Origin' header is present on the requested resource. @ http://localhost:5175/fields/1:0
[   73273ms] [ERROR] Failed to load resource: net::ERR_FAILED @ http://localhost:8001/api/fields/1:0
[   74287ms] [ERROR] Access to XMLHttpRequest at 'http://localhost:8001/api/fields/1' from origin 'http://localhost:5175' has been blocked by CORS policy: No 'Access-Control-Allow-Origin' header is present on the requested resource. @ http://localhost:5175/fields/1:0
[   74288ms] [ERROR] Failed to load resource: net::ERR_FAILED @ http://localhost:8001/api/fields/1:0
[   90457ms] [INFO] %cDownload the React DevTools for a better development experience: https://reactjs.org/link/react-devtools font-weight:bold @ http://localhost:5175/node_modules/.vite/deps/chunk-WERSD76P.js?v=4fd79fea:21550
[   90470ms] [WARNING] ⚠️ React Router Future Flag Warning: React Router will begin wrapping state updates in `React.startTransition` in v7. You can use the `v7_startTransition` future flag to opt-in early. For more information, see https://reactrouter.com/v6/upgrading/future#v7_starttransition. @ http://localhost:5175/node_modules/.vite/deps/react-router-dom.js?v=4fd79fea:4435
[   90470ms] [WARNING] ⚠️ React Router Future Flag Warning: Relative route resolution within Splat routes is changing in v7. You can use the `v7_relativeSplatPath` future flag to opt-in early. For more information, see https://reactrouter.com/v6/upgrading/future#v7_relativesplatpath. @ http://localhost:5175/node_modules/.vite/deps/react-router-dom.js?v=4fd79fea:4435
